2025-08-16T15:08:25.880+03:00  INFO 1733 --- [nbc-transactions] [main] c.c.n.NbcTransactionsApplication         : Starting NbcTransactionsApplication using Java 22.0.2 with PID 1733 (/Users/giltonteti/Desktop/temp/devops-interview-nbc/target/classes started by giltonteti in /Users/giltonteti/Desktop/temp/devops-interview-nbc)
2025-08-16T15:08:25.881+03:00  INFO 1733 --- [nbc-transactions] [main] c.c.n.NbcTransactionsApplication         : The following 1 profile is active: "local"
2025-08-16T15:08:26.106+03:00  INFO 1733 --- [nbc-transactions] [main] .s.d.r.c.RepositoryConfigurationDelegate : Bootstrapping Spring Data JPA repositories in DEFAULT mode.
2025-08-16T15:08:26.123+03:00  INFO 1733 --- [nbc-transactions] [main] .s.d.r.c.RepositoryConfigurationDelegate : Finished Spring Data repository scanning in 13 ms. Found 1 JPA repository interface.
2025-08-16T15:08:26.266+03:00  INFO 1733 --- [nbc-transactions] [main] o.s.b.w.embedded.tomcat.TomcatWebServer  : Tomcat initialized with port 8766 (http)
2025-08-16T15:08:26.271+03:00  INFO 1733 --- [nbc-transactions] [main] o.apache.catalina.core.StandardService   : Starting service [Tomcat]
2025-08-16T15:08:26.271+03:00  INFO 1733 --- [nbc-transactions] [main] o.apache.catalina.core.StandardEngine    : Starting Servlet engine: [Apache Tomcat/10.1.43]
2025-08-16T15:08:26.284+03:00  INFO 1733 --- [nbc-transactions] [main] o.a.c.c.C.[Tomcat].[localhost].[/]       : Initializing Spring embedded WebApplicationContext
2025-08-16T15:08:26.284+03:00  INFO 1733 --- [nbc-transactions] [main] w.s.c.ServletWebServerApplicationContext : Root WebApplicationContext: initialization completed in 390 ms
2025-08-16T15:08:26.342+03:00  INFO 1733 --- [nbc-transactions] [main] o.hibernate.jpa.internal.util.LogHelper  : HHH000204: Processing PersistenceUnitInfo [name: default]
2025-08-16T15:08:26.368+03:00  INFO 1733 --- [nbc-transactions] [main] org.hibernate.Version                    : HHH000412: Hibernate ORM core version 6.6.22.Final
2025-08-16T15:08:26.382+03:00  INFO 1733 --- [nbc-transactions] [main] o.h.c.internal.RegionFactoryInitiator    : HHH000026: Second-level cache disabled
2025-08-16T15:08:26.487+03:00  INFO 1733 --- [nbc-transactions] [main] o.s.o.j.p.SpringPersistenceUnitInfo      : No LoadTimeWeaver setup: ignoring JPA class transformer
2025-08-16T15:08:26.499+03:00  INFO 1733 --- [nbc-transactions] [main] com.zaxxer.hikari.HikariDataSource       : HikariPool-1 - Starting...
2025-08-16T15:08:26.661+03:00  INFO 1733 --- [nbc-transactions] [main] com.zaxxer.hikari.pool.HikariPool        : HikariPool-1 - Added connection com.mysql.cj.jdbc.ConnectionImpl@3c9f4376
2025-08-16T15:08:26.662+03:00  INFO 1733 --- [nbc-transactions] [main] com.zaxxer.hikari.HikariDataSource       : HikariPool-1 - Start completed.
2025-08-16T15:08:26.680+03:00  WARN 1733 --- [nbc-transactions] [main] org.hibernate.orm.deprecation            : HHH90000025: MySQL8Dialect does not need to be specified explicitly using 'hibernate.dialect' (remove the property setting and it will be selected by default)
2025-08-16T15:08:26.680+03:00  WARN 1733 --- [nbc-transactions] [main] org.hibernate.orm.deprecation            : HHH90000026: MySQL8Dialect has been deprecated; use org.hibernate.dialect.MySQLDialect instead
2025-08-16T15:08:26.686+03:00  INFO 1733 --- [nbc-transactions] [main] org.hibernate.orm.connections.pooling    : HHH10001005: Database info:
	Database JDBC URL [Connecting through datasource 'HikariDataSource (HikariPool-1)']
	Database driver: undefined/unknown
	Database version: 8.0
	Autocommit mode: undefined/unknown
	Isolation level: undefined/unknown
	Minimum pool size: undefined/unknown
	Maximum pool size: undefined/unknown
2025-08-16T15:08:26.984+03:00  INFO 1733 --- [nbc-transactions] [main] o.h.e.t.j.p.i.JtaPlatformInitiator       : HHH000489: No JTA platform available (set 'hibernate.transaction.jta.platform' to enable JTA platform integration)
2025-08-16T15:08:27.015+03:00  INFO 1733 --- [nbc-transactions] [main] j.LocalContainerEntityManagerFactoryBean : Initialized JPA EntityManagerFactory for persistence unit 'default'
2025-08-16T15:08:27.123+03:00  WARN 1733 --- [nbc-transactions] [main] JpaBaseConfiguration$JpaWebConfiguration : spring.jpa.open-in-view is enabled by default. Therefore, database queries may be performed during view rendering. Explicitly configure spring.jpa.open-in-view to disable this warning
2025-08-16T15:08:27.263+03:00  INFO 1733 --- [nbc-transactions] [main] o.s.b.w.embedded.tomcat.TomcatWebServer  : Tomcat started on port 8766 (http) with context path '/'
2025-08-16T15:08:27.267+03:00  INFO 1733 --- [nbc-transactions] [main] c.c.n.NbcTransactionsApplication         : Started NbcTransactionsApplication in 1.564 seconds (process running for 1.858)
2025-08-16T15:10:59.318+03:00  INFO 1733 --- [nbc-transactions] [http-nio-8766-exec-1] o.a.c.c.C.[Tomcat].[localhost].[/]       : Initializing Spring DispatcherServlet 'dispatcherServlet'
2025-08-16T15:10:59.318+03:00  INFO 1733 --- [nbc-transactions] [http-nio-8766-exec-1] o.s.web.servlet.DispatcherServlet        : Initializing Servlet 'dispatcherServlet'
2025-08-16T15:10:59.319+03:00  INFO 1733 --- [nbc-transactions] [http-nio-8766-exec-1] o.s.web.servlet.DispatcherServlet        : Completed initialization in 1 ms
2025-08-16T15:11:08.106+03:00  WARN 1733 --- [nbc-transactions] [http-nio-8766-exec-3] .w.s.m.s.DefaultHandlerExceptionResolver : Resolved [org.springframework.web.bind.MethodArgumentNotValidException: Validation failed for argument [0] in public dto.com.nbc.nbctransactions.TransactionResponse controller.com.nbc.nbctransactions.TransactionController.createTransaction(dto.com.nbc.nbctransactions.TransactionRequest): [Field error in object 'transactionRequest' on field 'reference': rejected value []; codes [NotEmpty.transactionRequest.reference,NotEmpty.reference,NotEmpty.java.lang.String,NotEmpty]; arguments [org.springframework.context.support.DefaultMessageSourceResolvable: codes [transactionRequest.reference,reference]; arguments []; default message [reference]]; default message [reference can not be Empty]] ]
2025-08-16T15:11:48.750+03:00  INFO 1854 --- [nbc-transactions] [main] c.c.n.NbcTransactionsApplication         : Starting NbcTransactionsApplication using Java 22.0.2 with PID 1854 (/Users/giltonteti/Desktop/temp/devops-interview-nbc/target/classes started by giltonteti in /Users/giltonteti/Desktop/temp/devops-interview-nbc)
2025-08-16T15:11:48.750+03:00  INFO 1854 --- [nbc-transactions] [main] c.c.n.NbcTransactionsApplication         : The following 1 profile is active: "local"
2025-08-16T15:11:48.944+03:00  INFO 1854 --- [nbc-transactions] [main] .s.d.r.c.RepositoryConfigurationDelegate : Bootstrapping Spring Data JPA repositories in DEFAULT mode.
2025-08-16T15:11:48.960+03:00  INFO 1854 --- [nbc-transactions] [main] .s.d.r.c.RepositoryConfigurationDelegate : Finished Spring Data repository scanning in 12 ms. Found 1 JPA repository interface.
2025-08-16T15:11:49.091+03:00  INFO 1854 --- [nbc-transactions] [main] o.s.b.w.embedded.tomcat.TomcatWebServer  : Tomcat initialized with port 8766 (http)
2025-08-16T15:11:49.096+03:00  INFO 1854 --- [nbc-transactions] [main] o.apache.catalina.core.StandardService   : Starting service [Tomcat]
2025-08-16T15:11:49.096+03:00  INFO 1854 --- [nbc-transactions] [main] o.apache.catalina.core.StandardEngine    : Starting Servlet engine: [Apache Tomcat/10.1.43]
2025-08-16T15:11:49.111+03:00  INFO 1854 --- [nbc-transactions] [main] o.a.c.c.C.[Tomcat].[localhost].[/]       : Initializing Spring embedded WebApplicationContext
2025-08-16T15:11:49.111+03:00  INFO 1854 --- [nbc-transactions] [main] w.s.c.ServletWebServerApplicationContext : Root WebApplicationContext: initialization completed in 350 ms
2025-08-16T15:11:49.160+03:00  INFO 1854 --- [nbc-transactions] [main] o.hibernate.jpa.internal.util.LogHelper  : HHH000204: Processing PersistenceUnitInfo [name: default]
2025-08-16T15:11:49.182+03:00  INFO 1854 --- [nbc-transactions] [main] org.hibernate.Version                    : HHH000412: Hibernate ORM core version 6.6.22.Final
2025-08-16T15:11:49.192+03:00  INFO 1854 --- [nbc-transactions] [main] o.h.c.internal.RegionFactoryInitiator    : HHH000026: Second-level cache disabled
2025-08-16T15:11:49.276+03:00  INFO 1854 --- [nbc-transactions] [main] o.s.o.j.p.SpringPersistenceUnitInfo      : No LoadTimeWeaver setup: ignoring JPA class transformer
2025-08-16T15:11:49.285+03:00  INFO 1854 --- [nbc-transactions] [main] com.zaxxer.hikari.HikariDataSource       : HikariPool-1 - Starting...
2025-08-16T15:11:49.413+03:00  INFO 1854 --- [nbc-transactions] [main] com.zaxxer.hikari.pool.HikariPool        : HikariPool-1 - Added connection com.mysql.cj.jdbc.ConnectionImpl@24615687
2025-08-16T15:11:49.414+03:00  INFO 1854 --- [nbc-transactions] [main] com.zaxxer.hikari.HikariDataSource       : HikariPool-1 - Start completed.
2025-08-16T15:11:49.434+03:00  WARN 1854 --- [nbc-transactions] [main] org.hibernate.orm.deprecation            : HHH90000025: MySQL8Dialect does not need to be specified explicitly using 'hibernate.dialect' (remove the property setting and it will be selected by default)
2025-08-16T15:11:49.434+03:00  WARN 1854 --- [nbc-transactions] [main] org.hibernate.orm.deprecation            : HHH90000026: MySQL8Dialect has been deprecated; use org.hibernate.dialect.MySQLDialect instead
2025-08-16T15:11:49.439+03:00  INFO 1854 --- [nbc-transactions] [main] org.hibernate.orm.connections.pooling    : HHH10001005: Database info:
	Database JDBC URL [Connecting through datasource 'HikariDataSource (HikariPool-1)']
	Database driver: undefined/unknown
	Database version: 8.0
	Autocommit mode: undefined/unknown
	Isolation level: undefined/unknown
	Minimum pool size: undefined/unknown
	Maximum pool size: undefined/unknown
2025-08-16T15:11:49.712+03:00  INFO 1854 --- [nbc-transactions] [main] o.h.e.t.j.p.i.JtaPlatformInitiator       : HHH000489: No JTA platform available (set 'hibernate.transaction.jta.platform' to enable JTA platform integration)
2025-08-16T15:11:49.736+03:00  INFO 1854 --- [nbc-transactions] [main] j.LocalContainerEntityManagerFactoryBean : Initialized JPA EntityManagerFactory for persistence unit 'default'
2025-08-16T15:11:49.835+03:00  WARN 1854 --- [nbc-transactions] [main] JpaBaseConfiguration$JpaWebConfiguration : spring.jpa.open-in-view is enabled by default. Therefore, database queries may be performed during view rendering. Explicitly configure spring.jpa.open-in-view to disable this warning
2025-08-16T15:11:49.951+03:00  WARN 1854 --- [nbc-transactions] [main] ConfigServletWebServerApplicationContext : Exception encountered during context initialization - cancelling refresh attempt: org.springframework.context.ApplicationContextException: Failed to start bean 'webServerStartStop'
2025-08-16T15:11:49.952+03:00  INFO 1854 --- [nbc-transactions] [main] j.LocalContainerEntityManagerFactoryBean : Closing JPA EntityManagerFactory for persistence unit 'default'
2025-08-16T15:11:49.953+03:00  INFO 1854 --- [nbc-transactions] [main] com.zaxxer.hikari.HikariDataSource       : HikariPool-1 - Shutdown initiated...
2025-08-16T15:11:49.955+03:00  INFO 1854 --- [nbc-transactions] [main] com.zaxxer.hikari.HikariDataSource       : HikariPool-1 - Shutdown completed.
2025-08-16T15:11:49.960+03:00  INFO 1854 --- [nbc-transactions] [main] .s.b.a.l.ConditionEvaluationReportLogger : 

Error starting ApplicationContext. To display the condition evaluation report re-run your application with 'debug' enabled.
2025-08-16T15:11:49.966+03:00 ERROR 1854 --- [nbc-transactions] [main] o.s.b.d.LoggingFailureAnalysisReporter   : 

***************************
APPLICATION FAILED TO START
***************************

Description:

Web server failed to start. Port 8766 was already in use.

Action:

Identify and stop the process that's listening on port 8766 or configure this application to listen on another port.

2025-08-16T15:12:00.651+03:00  INFO 1867 --- [nbc-transactions] [main] c.c.n.NbcTransactionsApplication         : Starting NbcTransactionsApplication using Java 22.0.2 with PID 1867 (/Users/giltonteti/Desktop/temp/devops-interview-nbc/target/classes started by giltonteti in /Users/giltonteti/Desktop/temp/devops-interview-nbc)
2025-08-16T15:12:00.651+03:00  INFO 1867 --- [nbc-transactions] [main] c.c.n.NbcTransactionsApplication         : The following 1 profile is active: "local"
2025-08-16T15:12:00.827+03:00  INFO 1867 --- [nbc-transactions] [main] .s.d.r.c.RepositoryConfigurationDelegate : Bootstrapping Spring Data JPA repositories in DEFAULT mode.
2025-08-16T15:12:00.843+03:00  INFO 1867 --- [nbc-transactions] [main] .s.d.r.c.RepositoryConfigurationDelegate : Finished Spring Data repository scanning in 12 ms. Found 1 JPA repository interface.
2025-08-16T15:12:00.961+03:00  INFO 1867 --- [nbc-transactions] [main] o.s.b.w.embedded.tomcat.TomcatWebServer  : Tomcat initialized with port 8766 (http)
2025-08-16T15:12:00.965+03:00  INFO 1867 --- [nbc-transactions] [main] o.apache.catalina.core.StandardService   : Starting service [Tomcat]
2025-08-16T15:12:00.965+03:00  INFO 1867 --- [nbc-transactions] [main] o.apache.catalina.core.StandardEngine    : Starting Servlet engine: [Apache Tomcat/10.1.43]
2025-08-16T15:12:00.977+03:00  INFO 1867 --- [nbc-transactions] [main] o.a.c.c.C.[Tomcat].[localhost].[/]       : Initializing Spring embedded WebApplicationContext
2025-08-16T15:12:00.977+03:00  INFO 1867 --- [nbc-transactions] [main] w.s.c.ServletWebServerApplicationContext : Root WebApplicationContext: initialization completed in 313 ms
2025-08-16T15:12:01.019+03:00  INFO 1867 --- [nbc-transactions] [main] o.hibernate.jpa.internal.util.LogHelper  : HHH000204: Processing PersistenceUnitInfo [name: default]
2025-08-16T15:12:01.031+03:00  INFO 1867 --- [nbc-transactions] [main] org.hibernate.Version                    : HHH000412: Hibernate ORM core version 6.6.22.Final
2025-08-16T15:12:01.039+03:00  INFO 1867 --- [nbc-transactions] [main] o.h.c.internal.RegionFactoryInitiator    : HHH000026: Second-level cache disabled
2025-08-16T15:12:01.128+03:00  INFO 1867 --- [nbc-transactions] [main] o.s.o.j.p.SpringPersistenceUnitInfo      : No LoadTimeWeaver setup: ignoring JPA class transformer
2025-08-16T15:12:01.138+03:00  INFO 1867 --- [nbc-transactions] [main] com.zaxxer.hikari.HikariDataSource       : HikariPool-1 - Starting...
2025-08-16T15:12:01.255+03:00  INFO 1867 --- [nbc-transactions] [main] com.zaxxer.hikari.pool.HikariPool        : HikariPool-1 - Added connection com.mysql.cj.jdbc.ConnectionImpl@58636b50
2025-08-16T15:12:01.256+03:00  INFO 1867 --- [nbc-transactions] [main] com.zaxxer.hikari.HikariDataSource       : HikariPool-1 - Start completed.
2025-08-16T15:12:01.273+03:00  WARN 1867 --- [nbc-transactions] [main] org.hibernate.orm.deprecation            : HHH90000025: MySQL8Dialect does not need to be specified explicitly using 'hibernate.dialect' (remove the property setting and it will be selected by default)
2025-08-16T15:12:01.273+03:00  WARN 1867 --- [nbc-transactions] [main] org.hibernate.orm.deprecation            : HHH90000026: MySQL8Dialect has been deprecated; use org.hibernate.dialect.MySQLDialect instead
2025-08-16T15:12:01.279+03:00  INFO 1867 --- [nbc-transactions] [main] org.hibernate.orm.connections.pooling    : HHH10001005: Database info:
	Database JDBC URL [Connecting through datasource 'HikariDataSource (HikariPool-1)']
	Database driver: undefined/unknown
	Database version: 8.0
	Autocommit mode: undefined/unknown
	Isolation level: undefined/unknown
	Minimum pool size: undefined/unknown
	Maximum pool size: undefined/unknown
2025-08-16T15:12:01.528+03:00  INFO 1867 --- [nbc-transactions] [main] o.h.e.t.j.p.i.JtaPlatformInitiator       : HHH000489: No JTA platform available (set 'hibernate.transaction.jta.platform' to enable JTA platform integration)
2025-08-16T15:12:01.551+03:00  INFO 1867 --- [nbc-transactions] [main] j.LocalContainerEntityManagerFactoryBean : Initialized JPA EntityManagerFactory for persistence unit 'default'
2025-08-16T15:12:01.648+03:00  WARN 1867 --- [nbc-transactions] [main] JpaBaseConfiguration$JpaWebConfiguration : spring.jpa.open-in-view is enabled by default. Therefore, database queries may be performed during view rendering. Explicitly configure spring.jpa.open-in-view to disable this warning
2025-08-16T15:12:01.761+03:00  WARN 1867 --- [nbc-transactions] [main] ConfigServletWebServerApplicationContext : Exception encountered during context initialization - cancelling refresh attempt: org.springframework.context.ApplicationContextException: Failed to start bean 'webServerStartStop'
2025-08-16T15:12:01.762+03:00  INFO 1867 --- [nbc-transactions] [main] j.LocalContainerEntityManagerFactoryBean : Closing JPA EntityManagerFactory for persistence unit 'default'
2025-08-16T15:12:01.763+03:00  INFO 1867 --- [nbc-transactions] [main] com.zaxxer.hikari.HikariDataSource       : HikariPool-1 - Shutdown initiated...
2025-08-16T15:12:01.785+03:00  INFO 1867 --- [nbc-transactions] [main] com.zaxxer.hikari.HikariDataSource       : HikariPool-1 - Shutdown completed.
2025-08-16T15:12:01.792+03:00  INFO 1867 --- [nbc-transactions] [main] .s.b.a.l.ConditionEvaluationReportLogger : 

Error starting ApplicationContext. To display the condition evaluation report re-run your application with 'debug' enabled.
2025-08-16T15:12:01.797+03:00 ERROR 1867 --- [nbc-transactions] [main] o.s.b.d.LoggingFailureAnalysisReporter   : 

***************************
APPLICATION FAILED TO START
***************************

Description:

Web server failed to start. Port 8766 was already in use.

Action:

Identify and stop the process that's listening on port 8766 or configure this application to listen on another port.

2025-08-16T15:12:36.140+03:00  INFO 1733 --- [nbc-transactions] [SpringApplicationShutdownHook] o.s.b.w.e.tomcat.GracefulShutdown        : Commencing graceful shutdown. Waiting for active requests to complete
2025-08-16T15:12:36.142+03:00  INFO 1733 --- [nbc-transactions] [tomcat-shutdown] o.s.b.w.e.tomcat.GracefulShutdown        : Graceful shutdown complete
2025-08-16T15:12:36.144+03:00  INFO 1733 --- [nbc-transactions] [SpringApplicationShutdownHook] j.LocalContainerEntityManagerFactoryBean : Closing JPA EntityManagerFactory for persistence unit 'default'
2025-08-16T15:12:36.145+03:00  INFO 1733 --- [nbc-transactions] [SpringApplicationShutdownHook] com.zaxxer.hikari.HikariDataSource       : HikariPool-1 - Shutdown initiated...
2025-08-16T15:12:36.149+03:00  INFO 1733 --- [nbc-transactions] [SpringApplicationShutdownHook] com.zaxxer.hikari.HikariDataSource       : HikariPool-1 - Shutdown completed.
2025-08-16T15:12:40.875+03:00  INFO 1898 --- [nbc-transactions] [main] c.c.n.NbcTransactionsApplication         : Starting NbcTransactionsApplication using Java 22.0.2 with PID 1898 (/Users/giltonteti/Desktop/temp/devops-interview-nbc/target/classes started by giltonteti in /Users/giltonteti/Desktop/temp/devops-interview-nbc)
2025-08-16T15:12:40.876+03:00  INFO 1898 --- [nbc-transactions] [main] c.c.n.NbcTransactionsApplication         : The following 1 profile is active: "local"
2025-08-16T15:12:41.057+03:00  INFO 1898 --- [nbc-transactions] [main] .s.d.r.c.RepositoryConfigurationDelegate : Bootstrapping Spring Data JPA repositories in DEFAULT mode.
2025-08-16T15:12:41.074+03:00  INFO 1898 --- [nbc-transactions] [main] .s.d.r.c.RepositoryConfigurationDelegate : Finished Spring Data repository scanning in 13 ms. Found 1 JPA repository interface.
2025-08-16T15:12:41.198+03:00  INFO 1898 --- [nbc-transactions] [main] o.s.b.w.embedded.tomcat.TomcatWebServer  : Tomcat initialized with port 8766 (http)
2025-08-16T15:12:41.202+03:00  INFO 1898 --- [nbc-transactions] [main] o.apache.catalina.core.StandardService   : Starting service [Tomcat]
2025-08-16T15:12:41.203+03:00  INFO 1898 --- [nbc-transactions] [main] o.apache.catalina.core.StandardEngine    : Starting Servlet engine: [Apache Tomcat/10.1.43]
2025-08-16T15:12:41.215+03:00  INFO 1898 --- [nbc-transactions] [main] o.a.c.c.C.[Tomcat].[localhost].[/]       : Initializing Spring embedded WebApplicationContext
2025-08-16T15:12:41.216+03:00  INFO 1898 --- [nbc-transactions] [main] w.s.c.ServletWebServerApplicationContext : Root WebApplicationContext: initialization completed in 328 ms
2025-08-16T15:12:41.258+03:00  INFO 1898 --- [nbc-transactions] [main] o.hibernate.jpa.internal.util.LogHelper  : HHH000204: Processing PersistenceUnitInfo [name: default]
2025-08-16T15:12:41.272+03:00  INFO 1898 --- [nbc-transactions] [main] org.hibernate.Version                    : HHH000412: Hibernate ORM core version 6.6.22.Final
2025-08-16T15:12:41.282+03:00  INFO 1898 --- [nbc-transactions] [main] o.h.c.internal.RegionFactoryInitiator    : HHH000026: Second-level cache disabled
2025-08-16T15:12:41.365+03:00  INFO 1898 --- [nbc-transactions] [main] o.s.o.j.p.SpringPersistenceUnitInfo      : No LoadTimeWeaver setup: ignoring JPA class transformer
2025-08-16T15:12:41.373+03:00  INFO 1898 --- [nbc-transactions] [main] com.zaxxer.hikari.HikariDataSource       : HikariPool-1 - Starting...
2025-08-16T15:12:41.494+03:00  INFO 1898 --- [nbc-transactions] [main] com.zaxxer.hikari.pool.HikariPool        : HikariPool-1 - Added connection com.mysql.cj.jdbc.ConnectionImpl@24615687
2025-08-16T15:12:41.495+03:00  INFO 1898 --- [nbc-transactions] [main] com.zaxxer.hikari.HikariDataSource       : HikariPool-1 - Start completed.
2025-08-16T15:12:41.515+03:00  WARN 1898 --- [nbc-transactions] [main] org.hibernate.orm.deprecation            : HHH90000025: MySQL8Dialect does not need to be specified explicitly using 'hibernate.dialect' (remove the property setting and it will be selected by default)
2025-08-16T15:12:41.515+03:00  WARN 1898 --- [nbc-transactions] [main] org.hibernate.orm.deprecation            : HHH90000026: MySQL8Dialect has been deprecated; use org.hibernate.dialect.MySQLDialect instead
2025-08-16T15:12:41.520+03:00  INFO 1898 --- [nbc-transactions] [main] org.hibernate.orm.connections.pooling    : HHH10001005: Database info:
	Database JDBC URL [Connecting through datasource 'HikariDataSource (HikariPool-1)']
	Database driver: undefined/unknown
	Database version: 8.0
	Autocommit mode: undefined/unknown
	Isolation level: undefined/unknown
	Minimum pool size: undefined/unknown
	Maximum pool size: undefined/unknown
2025-08-16T15:12:41.770+03:00  INFO 1898 --- [nbc-transactions] [main] o.h.e.t.j.p.i.JtaPlatformInitiator       : HHH000489: No JTA platform available (set 'hibernate.transaction.jta.platform' to enable JTA platform integration)
2025-08-16T15:12:41.797+03:00  INFO 1898 --- [nbc-transactions] [main] j.LocalContainerEntityManagerFactoryBean : Initialized JPA EntityManagerFactory for persistence unit 'default'
2025-08-16T15:12:41.896+03:00  WARN 1898 --- [nbc-transactions] [main] JpaBaseConfiguration$JpaWebConfiguration : spring.jpa.open-in-view is enabled by default. Therefore, database queries may be performed during view rendering. Explicitly configure spring.jpa.open-in-view to disable this warning
2025-08-16T15:12:42.008+03:00  INFO 1898 --- [nbc-transactions] [main] o.s.b.w.embedded.tomcat.TomcatWebServer  : Tomcat started on port 8766 (http) with context path '/'
2025-08-16T15:12:42.011+03:00  INFO 1898 --- [nbc-transactions] [main] c.c.n.NbcTransactionsApplication         : Started NbcTransactionsApplication in 1.299 seconds (process running for 1.501)
2025-08-16T15:12:47.919+03:00  INFO 1898 --- [nbc-transactions] [http-nio-8766-exec-1] o.a.c.c.C.[Tomcat].[localhost].[/]       : Initializing Spring DispatcherServlet 'dispatcherServlet'
2025-08-16T15:12:47.919+03:00  INFO 1898 --- [nbc-transactions] [http-nio-8766-exec-1] o.s.web.servlet.DispatcherServlet        : Initializing Servlet 'dispatcherServlet'
2025-08-16T15:12:47.919+03:00  INFO 1898 --- [nbc-transactions] [http-nio-8766-exec-1] o.s.web.servlet.DispatcherServlet        : Completed initialization in 0 ms
2025-08-16T15:12:47.969+03:00  WARN 1898 --- [nbc-transactions] [http-nio-8766-exec-1] .w.s.m.s.DefaultHandlerExceptionResolver : Resolved [org.springframework.web.bind.MethodArgumentNotValidException: Validation failed for argument [0] in public dto.com.nbc.nbctransactions.TransactionResponse controller.com.nbc.nbctransactions.TransactionController.createTransaction(dto.com.nbc.nbctransactions.TransactionRequest): [Field error in object 'transactionRequest' on field 'reference': rejected value []; codes [NotEmpty.transactionRequest.reference,NotEmpty.reference,NotEmpty.java.lang.String,NotEmpty]; arguments [org.springframework.context.support.DefaultMessageSourceResolvable: codes [transactionRequest.reference,reference]; arguments []; default message [reference]]; default message [reference can not be Empty]] ]
2025-08-16T15:13:41.049+03:00  INFO 1898 --- [nbc-transactions] [SpringApplicationShutdownHook] o.s.b.w.e.tomcat.GracefulShutdown        : Commencing graceful shutdown. Waiting for active requests to complete
2025-08-16T15:13:41.051+03:00  INFO 1898 --- [nbc-transactions] [tomcat-shutdown] o.s.b.w.e.tomcat.GracefulShutdown        : Graceful shutdown complete
2025-08-16T15:13:41.053+03:00  INFO 1898 --- [nbc-transactions] [SpringApplicationShutdownHook] j.LocalContainerEntityManagerFactoryBean : Closing JPA EntityManagerFactory for persistence unit 'default'
2025-08-16T15:13:41.054+03:00  INFO 1898 --- [nbc-transactions] [SpringApplicationShutdownHook] com.zaxxer.hikari.HikariDataSource       : HikariPool-1 - Shutdown initiated...
2025-08-16T15:13:41.058+03:00  INFO 1898 --- [nbc-transactions] [SpringApplicationShutdownHook] com.zaxxer.hikari.HikariDataSource       : HikariPool-1 - Shutdown completed.
2025-08-16T15:13:42.349+03:00  INFO 1943 --- [nbc-transactions] [main] c.c.n.NbcTransactionsApplication         : Starting NbcTransactionsApplication using Java 22.0.2 with PID 1943 (/Users/giltonteti/Desktop/temp/devops-interview-nbc/target/classes started by giltonteti in /Users/giltonteti/Desktop/temp/devops-interview-nbc)
2025-08-16T15:13:42.350+03:00  INFO 1943 --- [nbc-transactions] [main] c.c.n.NbcTransactionsApplication         : The following 1 profile is active: "local"
2025-08-16T15:13:42.537+03:00  INFO 1943 --- [nbc-transactions] [main] .s.d.r.c.RepositoryConfigurationDelegate : Bootstrapping Spring Data JPA repositories in DEFAULT mode.
2025-08-16T15:13:42.555+03:00  INFO 1943 --- [nbc-transactions] [main] .s.d.r.c.RepositoryConfigurationDelegate : Finished Spring Data repository scanning in 14 ms. Found 1 JPA repository interface.
2025-08-16T15:13:42.687+03:00  INFO 1943 --- [nbc-transactions] [main] o.s.b.w.embedded.tomcat.TomcatWebServer  : Tomcat initialized with port 8766 (http)
2025-08-16T15:13:42.692+03:00  INFO 1943 --- [nbc-transactions] [main] o.apache.catalina.core.StandardService   : Starting service [Tomcat]
2025-08-16T15:13:42.692+03:00  INFO 1943 --- [nbc-transactions] [main] o.apache.catalina.core.StandardEngine    : Starting Servlet engine: [Apache Tomcat/10.1.43]
2025-08-16T15:13:42.705+03:00  INFO 1943 --- [nbc-transactions] [main] o.a.c.c.C.[Tomcat].[localhost].[/]       : Initializing Spring embedded WebApplicationContext
2025-08-16T15:13:42.705+03:00  INFO 1943 --- [nbc-transactions] [main] w.s.c.ServletWebServerApplicationContext : Root WebApplicationContext: initialization completed in 343 ms
2025-08-16T15:13:42.753+03:00  INFO 1943 --- [nbc-transactions] [main] o.hibernate.jpa.internal.util.LogHelper  : HHH000204: Processing PersistenceUnitInfo [name: default]
2025-08-16T15:13:42.772+03:00  INFO 1943 --- [nbc-transactions] [main] org.hibernate.Version                    : HHH000412: Hibernate ORM core version 6.6.22.Final
2025-08-16T15:13:42.781+03:00  INFO 1943 --- [nbc-transactions] [main] o.h.c.internal.RegionFactoryInitiator    : HHH000026: Second-level cache disabled
2025-08-16T15:13:42.868+03:00  INFO 1943 --- [nbc-transactions] [main] o.s.o.j.p.SpringPersistenceUnitInfo      : No LoadTimeWeaver setup: ignoring JPA class transformer
2025-08-16T15:13:42.877+03:00  INFO 1943 --- [nbc-transactions] [main] com.zaxxer.hikari.HikariDataSource       : HikariPool-1 - Starting...
2025-08-16T15:13:43.008+03:00  INFO 1943 --- [nbc-transactions] [main] com.zaxxer.hikari.pool.HikariPool        : HikariPool-1 - Added connection com.mysql.cj.jdbc.ConnectionImpl@177ddd24
2025-08-16T15:13:43.008+03:00  INFO 1943 --- [nbc-transactions] [main] com.zaxxer.hikari.HikariDataSource       : HikariPool-1 - Start completed.
2025-08-16T15:13:43.029+03:00  WARN 1943 --- [nbc-transactions] [main] org.hibernate.orm.deprecation            : HHH90000025: MySQL8Dialect does not need to be specified explicitly using 'hibernate.dialect' (remove the property setting and it will be selected by default)
2025-08-16T15:13:43.029+03:00  WARN 1943 --- [nbc-transactions] [main] org.hibernate.orm.deprecation            : HHH90000026: MySQL8Dialect has been deprecated; use org.hibernate.dialect.MySQLDialect instead
2025-08-16T15:13:43.034+03:00  INFO 1943 --- [nbc-transactions] [main] org.hibernate.orm.connections.pooling    : HHH10001005: Database info:
	Database JDBC URL [Connecting through datasource 'HikariDataSource (HikariPool-1)']
	Database driver: undefined/unknown
	Database version: 8.0
	Autocommit mode: undefined/unknown
	Isolation level: undefined/unknown
	Minimum pool size: undefined/unknown
	Maximum pool size: undefined/unknown
2025-08-16T15:13:43.300+03:00  INFO 1943 --- [nbc-transactions] [main] o.h.e.t.j.p.i.JtaPlatformInitiator       : HHH000489: No JTA platform available (set 'hibernate.transaction.jta.platform' to enable JTA platform integration)
2025-08-16T15:13:43.325+03:00  INFO 1943 --- [nbc-transactions] [main] j.LocalContainerEntityManagerFactoryBean : Initialized JPA EntityManagerFactory for persistence unit 'default'
2025-08-16T15:13:43.429+03:00  WARN 1943 --- [nbc-transactions] [main] JpaBaseConfiguration$JpaWebConfiguration : spring.jpa.open-in-view is enabled by default. Therefore, database queries may be performed during view rendering. Explicitly configure spring.jpa.open-in-view to disable this warning
2025-08-16T15:13:43.552+03:00  INFO 1943 --- [nbc-transactions] [main] o.s.b.w.embedded.tomcat.TomcatWebServer  : Tomcat started on port 8766 (http) with context path '/'
2025-08-16T15:13:43.556+03:00  INFO 1943 --- [nbc-transactions] [main] c.c.n.NbcTransactionsApplication         : Started NbcTransactionsApplication in 1.373 seconds (process running for 1.606)
2025-08-16T15:14:05.257+03:00  INFO 1943 --- [nbc-transactions] [http-nio-8766-exec-1] o.a.c.c.C.[Tomcat].[localhost].[/]       : Initializing Spring DispatcherServlet 'dispatcherServlet'
2025-08-16T15:14:05.257+03:00  INFO 1943 --- [nbc-transactions] [http-nio-8766-exec-1] o.s.web.servlet.DispatcherServlet        : Initializing Servlet 'dispatcherServlet'
2025-08-16T15:14:05.258+03:00  INFO 1943 --- [nbc-transactions] [http-nio-8766-exec-1] o.s.web.servlet.DispatcherServlet        : Completed initialization in 1 ms
2025-08-16T15:14:05.313+03:00  WARN 1943 --- [nbc-transactions] [http-nio-8766-exec-1] .w.s.m.s.DefaultHandlerExceptionResolver : Resolved [org.springframework.web.bind.MethodArgumentNotValidException: Validation failed for argument [0] in public dto.com.nbc.nbctransactions.TransactionResponse controller.com.nbc.nbctransactions.TransactionController.createTransaction(dto.com.nbc.nbctransactions.TransactionRequest): [Field error in object 'transactionRequest' on field 'reference': rejected value []; codes [NotEmpty.transactionRequest.reference,NotEmpty.reference,NotEmpty.java.lang.String,NotEmpty]; arguments [org.springframework.context.support.DefaultMessageSourceResolvable: codes [transactionRequest.reference,reference]; arguments []; default message [reference]]; default message [reference can not be Empty]] ]
2025-08-16T15:16:44.267+03:00  INFO 1943 --- [nbc-transactions] [SpringApplicationShutdownHook] o.s.b.w.e.tomcat.GracefulShutdown        : Commencing graceful shutdown. Waiting for active requests to complete
2025-08-16T15:16:44.269+03:00  INFO 1943 --- [nbc-transactions] [tomcat-shutdown] o.s.b.w.e.tomcat.GracefulShutdown        : Graceful shutdown complete
2025-08-16T15:16:44.271+03:00  INFO 1943 --- [nbc-transactions] [SpringApplicationShutdownHook] j.LocalContainerEntityManagerFactoryBean : Closing JPA EntityManagerFactory for persistence unit 'default'
2025-08-16T15:16:44.272+03:00  INFO 1943 --- [nbc-transactions] [SpringApplicationShutdownHook] com.zaxxer.hikari.HikariDataSource       : HikariPool-1 - Shutdown initiated...
2025-08-16T15:16:44.275+03:00  INFO 1943 --- [nbc-transactions] [SpringApplicationShutdownHook] com.zaxxer.hikari.HikariDataSource       : HikariPool-1 - Shutdown completed.
2025-08-16T15:22:45.495+03:00  INFO 2303 --- [nbc-transactions] [main] c.n.n.NbcTransactionsApplication         : Starting NbcTransactionsApplication using Java 22.0.2 with PID 2303 (/Users/giltonteti/Desktop/temp/devops-interview-nbc/target/classes started by giltonteti in /Users/giltonteti/Desktop/temp/devops-interview-nbc)
2025-08-16T15:22:45.496+03:00  INFO 2303 --- [nbc-transactions] [main] c.n.n.NbcTransactionsApplication         : The following 1 profile is active: "local"
2025-08-16T15:22:45.695+03:00  INFO 2303 --- [nbc-transactions] [main] .s.d.r.c.RepositoryConfigurationDelegate : Bootstrapping Spring Data JPA repositories in DEFAULT mode.
2025-08-16T15:22:45.712+03:00  INFO 2303 --- [nbc-transactions] [main] .s.d.r.c.RepositoryConfigurationDelegate : Finished Spring Data repository scanning in 13 ms. Found 1 JPA repository interface.
2025-08-16T15:22:45.837+03:00  INFO 2303 --- [nbc-transactions] [main] o.s.b.w.embedded.tomcat.TomcatWebServer  : Tomcat initialized with port 8766 (http)
2025-08-16T15:22:45.842+03:00  INFO 2303 --- [nbc-transactions] [main] o.apache.catalina.core.StandardService   : Starting service [Tomcat]
2025-08-16T15:22:45.842+03:00  INFO 2303 --- [nbc-transactions] [main] o.apache.catalina.core.StandardEngine    : Starting Servlet engine: [Apache Tomcat/10.1.43]
2025-08-16T15:22:45.854+03:00  INFO 2303 --- [nbc-transactions] [main] o.a.c.c.C.[Tomcat].[localhost].[/]       : Initializing Spring embedded WebApplicationContext
2025-08-16T15:22:45.854+03:00  INFO 2303 --- [nbc-transactions] [main] w.s.c.ServletWebServerApplicationContext : Root WebApplicationContext: initialization completed in 347 ms
2025-08-16T15:22:45.905+03:00  INFO 2303 --- [nbc-transactions] [main] o.hibernate.jpa.internal.util.LogHelper  : HHH000204: Processing PersistenceUnitInfo [name: default]
2025-08-16T15:22:45.929+03:00  INFO 2303 --- [nbc-transactions] [main] org.hibernate.Version                    : HHH000412: Hibernate ORM core version 6.6.22.Final
2025-08-16T15:22:45.943+03:00  INFO 2303 --- [nbc-transactions] [main] o.h.c.internal.RegionFactoryInitiator    : HHH000026: Second-level cache disabled
2025-08-16T15:22:46.038+03:00  INFO 2303 --- [nbc-transactions] [main] o.s.o.j.p.SpringPersistenceUnitInfo      : No LoadTimeWeaver setup: ignoring JPA class transformer
2025-08-16T15:22:46.048+03:00  INFO 2303 --- [nbc-transactions] [main] com.zaxxer.hikari.HikariDataSource       : HikariPool-1 - Starting...
2025-08-16T15:22:46.173+03:00  INFO 2303 --- [nbc-transactions] [main] com.zaxxer.hikari.pool.HikariPool        : HikariPool-1 - Added connection com.mysql.cj.jdbc.ConnectionImpl@58636b50
2025-08-16T15:22:46.174+03:00  INFO 2303 --- [nbc-transactions] [main] com.zaxxer.hikari.HikariDataSource       : HikariPool-1 - Start completed.
2025-08-16T15:22:46.195+03:00  WARN 2303 --- [nbc-transactions] [main] org.hibernate.orm.deprecation            : HHH90000025: MySQL8Dialect does not need to be specified explicitly using 'hibernate.dialect' (remove the property setting and it will be selected by default)
2025-08-16T15:22:46.195+03:00  WARN 2303 --- [nbc-transactions] [main] org.hibernate.orm.deprecation            : HHH90000026: MySQL8Dialect has been deprecated; use org.hibernate.dialect.MySQLDialect instead
2025-08-16T15:22:46.200+03:00  INFO 2303 --- [nbc-transactions] [main] org.hibernate.orm.connections.pooling    : HHH10001005: Database info:
	Database JDBC URL [Connecting through datasource 'HikariDataSource (HikariPool-1)']
	Database driver: undefined/unknown
	Database version: 8.0
	Autocommit mode: undefined/unknown
	Isolation level: undefined/unknown
	Minimum pool size: undefined/unknown
	Maximum pool size: undefined/unknown
2025-08-16T15:22:46.469+03:00  INFO 2303 --- [nbc-transactions] [main] o.h.e.t.j.p.i.JtaPlatformInitiator       : HHH000489: No JTA platform available (set 'hibernate.transaction.jta.platform' to enable JTA platform integration)
2025-08-16T15:22:46.498+03:00  INFO 2303 --- [nbc-transactions] [main] j.LocalContainerEntityManagerFactoryBean : Initialized JPA EntityManagerFactory for persistence unit 'default'
2025-08-16T15:22:46.597+03:00  WARN 2303 --- [nbc-transactions] [main] JpaBaseConfiguration$JpaWebConfiguration : spring.jpa.open-in-view is enabled by default. Therefore, database queries may be performed during view rendering. Explicitly configure spring.jpa.open-in-view to disable this warning
2025-08-16T15:22:46.714+03:00  INFO 2303 --- [nbc-transactions] [main] o.s.b.w.embedded.tomcat.TomcatWebServer  : Tomcat started on port 8766 (http) with context path '/'
2025-08-16T15:22:46.717+03:00  INFO 2303 --- [nbc-transactions] [main] c.n.n.NbcTransactionsApplication         : Started NbcTransactionsApplication in 1.378 seconds (process running for 1.721)
2025-08-16T15:23:04.656+03:00  INFO 2303 --- [nbc-transactions] [SpringApplicationShutdownHook] o.s.b.w.e.tomcat.GracefulShutdown        : Commencing graceful shutdown. Waiting for active requests to complete
2025-08-16T15:23:04.660+03:00  INFO 2303 --- [nbc-transactions] [tomcat-shutdown] o.s.b.w.e.tomcat.GracefulShutdown        : Graceful shutdown complete
2025-08-16T15:23:04.663+03:00  INFO 2303 --- [nbc-transactions] [SpringApplicationShutdownHook] j.LocalContainerEntityManagerFactoryBean : Closing JPA EntityManagerFactory for persistence unit 'default'
2025-08-16T15:23:04.664+03:00  INFO 2303 --- [nbc-transactions] [SpringApplicationShutdownHook] com.zaxxer.hikari.HikariDataSource       : HikariPool-1 - Shutdown initiated...
2025-08-16T15:23:04.667+03:00  INFO 2303 --- [nbc-transactions] [SpringApplicationShutdownHook] com.zaxxer.hikari.HikariDataSource       : HikariPool-1 - Shutdown completed.
